2022/06/20 09:35:24 [notice] 1#1: using the "epoll" event method
2022/06/20 09:35:24 [notice] 1#1: nginx/1.21.6
2022/06/20 09:35:24 [notice] 1#1: built by gcc 10.2.1 20210110 (Debian 10.2.1-6) 
2022/06/20 09:35:24 [notice] 1#1: OS: Linux 5.13.0-48-generic
2022/06/20 09:35:24 [notice] 1#1: getrlimit(RLIMIT_NOFILE): 1048576:1048576
2022/06/20 09:35:24 [notice] 1#1: start worker processes
2022/06/20 09:35:24 [notice] 1#1: start worker process 22
2022/06/20 09:35:24 [notice] 1#1: start worker process 23
2022/06/20 09:35:24 [notice] 1#1: start worker process 24
2022/06/20 09:35:24 [notice] 1#1: start worker process 25
2022/06/20 09:35:24 [notice] 1#1: start worker process 26
2022/06/20 09:35:24 [notice] 1#1: start worker process 27
2022/06/20 09:35:24 [notice] 1#1: start worker process 28
2022/06/20 09:35:24 [notice] 1#1: start worker process 29
2022/06/20 09:35:24 [notice] 1#1: start worker process 30
2022/06/20 09:35:24 [notice] 1#1: start worker process 31
2022/06/20 09:35:24 [notice] 1#1: start worker process 32
2022/06/20 09:35:24 [notice] 1#1: start worker process 33
2022/06/20 10:01:17 [notice] 1#1: using the "epoll" event method
2022/06/20 10:01:17 [notice] 1#1: nginx/1.21.6
2022/06/20 10:01:17 [notice] 1#1: built by gcc 10.3.1 20211027 (Alpine 10.3.1_git20211027) 
2022/06/20 10:01:17 [notice] 1#1: OS: Linux 5.13.0-48-generic
2022/06/20 10:01:17 [notice] 1#1: getrlimit(RLIMIT_NOFILE): 1048576:1048576
2022/06/20 10:01:17 [notice] 1#1: start worker processes
2022/06/20 10:01:17 [notice] 1#1: start worker process 22
2022/06/20 10:01:17 [notice] 1#1: start worker process 23
2022/06/20 10:01:17 [notice] 1#1: start worker process 24
2022/06/20 10:01:17 [notice] 1#1: start worker process 25
2022/06/20 10:01:17 [notice] 1#1: start worker process 26
2022/06/20 10:01:17 [notice] 1#1: start worker process 27
2022/06/20 10:01:17 [notice] 1#1: start worker process 28
2022/06/20 10:01:17 [notice] 1#1: start worker process 29
2022/06/20 10:01:17 [notice] 1#1: start worker process 30
2022/06/20 10:01:17 [notice] 1#1: start worker process 31
2022/06/20 10:01:17 [notice] 1#1: start worker process 32
2022/06/20 10:01:17 [notice] 1#1: start worker process 33
